[2020-10-06 10:15:18.150] [exthost] [info] extension host started
[2020-10-06 10:15:18.234] [exthost] [info] ExtensionService#_doActivateExtension vscode.debug-auto-launch {"startup":true,"extensionId":{"value":"vscode.debug-auto-launch","_lower":"vscode.debug-auto-launch"},"activationEvent":"*"}
[2020-10-06 10:15:18.234] [exthost] [info] ExtensionService#loadCommonJSModule file:///home/NETID/yaoa/.vscode-server/bin/2af051012b66169dde0c4dfae3f5ef48f787ff69/extensions/debug-auto-launch/dist/extension
[2020-10-06 10:15:18.243] [exthost] [info] ExtensionService#_doActivateExtension vscode.emmet {"startup":true,"extensionId":{"value":"vscode.emmet","_lower":"vscode.emmet"},"activationEvent":"*"}
[2020-10-06 10:15:18.244] [exthost] [info] ExtensionService#loadCommonJSModule file:///home/NETID/yaoa/.vscode-server/bin/2af051012b66169dde0c4dfae3f5ef48f787ff69/extensions/emmet/dist/node/emmetNodeMain
[2020-10-06 10:15:18.269] [exthost] [info] ExtensionService#_doActivateExtension vscode.git {"startup":true,"extensionId":{"value":"vscode.github","_lower":"vscode.github"},"activationEvent":"*"}
[2020-10-06 10:15:18.269] [exthost] [info] ExtensionService#loadCommonJSModule file:///home/NETID/yaoa/.vscode-server/bin/2af051012b66169dde0c4dfae3f5ef48f787ff69/extensions/git/dist/main
[2020-10-06 10:15:18.320] [exthost] [info] ExtensionService#_doActivateExtension vscode.merge-conflict {"startup":true,"extensionId":{"value":"vscode.merge-conflict","_lower":"vscode.merge-conflict"},"activationEvent":"*"}
[2020-10-06 10:15:18.320] [exthost] [info] ExtensionService#loadCommonJSModule file:///home/NETID/yaoa/.vscode-server/bin/2af051012b66169dde0c4dfae3f5ef48f787ff69/extensions/merge-conflict/dist/mergeConflictMain
[2020-10-06 10:15:18.327] [exthost] [info] ExtensionService#_doActivateExtension vscode.search-result {"startup":true,"extensionId":{"value":"vscode.search-result","_lower":"vscode.search-result"},"activationEvent":"*"}
[2020-10-06 10:15:18.327] [exthost] [info] ExtensionService#loadCommonJSModule file:///home/NETID/yaoa/.vscode-server/bin/2af051012b66169dde0c4dfae3f5ef48f787ff69/extensions/search-result/dist/extension.js
[2020-10-06 10:15:18.329] [exthost] [info] ExtensionService#_doActivateExtension ms-vscode.cpptools {"startup":true,"extensionId":{"value":"ms-vscode.cpptools","_lower":"ms-vscode.cpptools"},"activationEvent":"*"}
[2020-10-06 10:15:18.329] [exthost] [info] ExtensionService#loadCommonJSModule file:///home/NETID/yaoa/.vscode-server/extensions/ms-vscode.cpptools-1.0.1/dist/main
[2020-10-06 10:15:21.815] [exthost] [info] ExtensionService#_doActivateExtension vscode.github {"startup":true,"extensionId":{"value":"vscode.github","_lower":"vscode.github"},"activationEvent":"*"}
[2020-10-06 10:15:21.816] [exthost] [info] ExtensionService#loadCommonJSModule file:///home/NETID/yaoa/.vscode-server/bin/2af051012b66169dde0c4dfae3f5ef48f787ff69/extensions/github/dist/extension.js
[2020-10-06 10:15:21.858] [exthost] [info] eager extensions activated
[2020-10-06 10:16:48.185] [exthost] [info] ExtensionService#_doActivateExtension vscode.debug-server-ready {"startup":false,"extensionId":{"value":"vscode.debug-server-ready","_lower":"vscode.debug-server-ready"},"activationEvent":"onDebugResolve"}
[2020-10-06 10:16:48.185] [exthost] [info] ExtensionService#loadCommonJSModule file:///home/NETID/yaoa/.vscode-server/bin/2af051012b66169dde0c4dfae3f5ef48f787ff69/extensions/debug-server-ready/dist/extension
[2020-10-06 10:17:11.149] [exthost] [info] ExtensionService#_doActivateExtension ms-vscode.js-debug {"startup":false,"extensionId":{"value":"ms-vscode.js-debug","_lower":"ms-vscode.js-debug"},"activationEvent":"onDebugInitialConfigurations"}
[2020-10-06 10:17:11.150] [exthost] [info] ExtensionService#loadCommonJSModule file:///home/NETID/yaoa/.vscode-server/bin/2af051012b66169dde0c4dfae3f5ef48f787ff69/extensions/ms-vscode.js-debug/src/extension.js
[2020-10-06 10:17:11.477] [exthost] [info] ExtensionService#_doActivateExtension ms-vscode.node-debug2 {"startup":false,"extensionId":{"value":"ms-vscode.node-debug","_lower":"ms-vscode.node-debug"},"activationEvent":"onDebugInitialConfigurations"}
[2020-10-06 10:17:11.477] [exthost] [info] ExtensionService#loadCommonJSModule file:///home/NETID/yaoa/.vscode-server/bin/2af051012b66169dde0c4dfae3f5ef48f787ff69/extensions/ms-vscode.node-debug2/out/src/extension
[2020-10-06 10:17:11.541] [exthost] [info] ExtensionService#_doActivateExtension ms-vscode.node-debug {"startup":false,"extensionId":{"value":"ms-vscode.node-debug","_lower":"ms-vscode.node-debug"},"activationEvent":"onDebugInitialConfigurations"}
[2020-10-06 10:17:11.541] [exthost] [info] ExtensionService#loadCommonJSModule file:///home/NETID/yaoa/.vscode-server/bin/2af051012b66169dde0c4dfae3f5ef48f787ff69/extensions/ms-vscode.node-debug/dist/extension.js
[2020-10-06 10:17:17.732] [exthost] [info] ExtensionService#_doActivateExtension vscode.grunt {"startup":false,"extensionId":{"value":"vscode.grunt","_lower":"vscode.grunt"},"activationEvent":"onCommand:workbench.action.tasks.runTask"}
[2020-10-06 10:17:17.732] [exthost] [info] ExtensionService#loadCommonJSModule file:///home/NETID/yaoa/.vscode-server/bin/2af051012b66169dde0c4dfae3f5ef48f787ff69/extensions/grunt/dist/main
[2020-10-06 10:17:17.739] [exthost] [info] ExtensionService#_doActivateExtension vscode.gulp {"startup":false,"extensionId":{"value":"vscode.gulp","_lower":"vscode.gulp"},"activationEvent":"onCommand:workbench.action.tasks.runTask"}
[2020-10-06 10:17:17.739] [exthost] [info] ExtensionService#loadCommonJSModule file:///home/NETID/yaoa/.vscode-server/bin/2af051012b66169dde0c4dfae3f5ef48f787ff69/extensions/gulp/dist/main
[2020-10-06 10:17:17.748] [exthost] [info] ExtensionService#_doActivateExtension vscode.jake {"startup":false,"extensionId":{"value":"vscode.jake","_lower":"vscode.jake"},"activationEvent":"onCommand:workbench.action.tasks.runTask"}
[2020-10-06 10:17:17.748] [exthost] [info] ExtensionService#loadCommonJSModule file:///home/NETID/yaoa/.vscode-server/bin/2af051012b66169dde0c4dfae3f5ef48f787ff69/extensions/jake/dist/main
[2020-10-06 10:17:17.755] [exthost] [info] ExtensionService#_doActivateExtension vscode.npm {"startup":false,"extensionId":{"value":"vscode.npm","_lower":"vscode.npm"},"activationEvent":"onCommand:workbench.action.tasks.runTask"}
[2020-10-06 10:17:17.755] [exthost] [info] ExtensionService#loadCommonJSModule file:///home/NETID/yaoa/.vscode-server/bin/2af051012b66169dde0c4dfae3f5ef48f787ff69/extensions/npm/dist/npmMain
[2020-10-06 10:17:17.770] [exthost] [info] ExtensionService#_doActivateExtension vscode.typescript-language-features {"startup":false,"extensionId":{"value":"vscode.typescript-language-features","_lower":"vscode.typescript-language-features"},"activationEvent":"onCommand:workbench.action.tasks.runTask"}
[2020-10-06 10:17:17.771] [exthost] [info] ExtensionService#loadCommonJSModule file:///home/NETID/yaoa/.vscode-server/bin/2af051012b66169dde0c4dfae3f5ef48f787ff69/extensions/typescript-language-features/dist/extension
[2020-10-06 10:17:21.260] [exthost] [info] ExtensionService#_doActivateExtension vscode.configuration-editing {"startup":false,"extensionId":{"value":"vscode.configuration-editing","_lower":"vscode.configuration-editing"},"activationEvent":"onLanguage:jsonc"}
[2020-10-06 10:17:21.260] [exthost] [info] ExtensionService#loadCommonJSModule file:///home/NETID/yaoa/.vscode-server/bin/2af051012b66169dde0c4dfae3f5ef48f787ff69/extensions/configuration-editing/dist/configurationEditingMain
[2020-10-06 10:17:21.273] [exthost] [info] ExtensionService#_doActivateExtension vscode.json-language-features {"startup":false,"extensionId":{"value":"vscode.json-language-features","_lower":"vscode.json-language-features"},"activationEvent":"onLanguage:jsonc"}
[2020-10-06 10:17:21.273] [exthost] [info] ExtensionService#loadCommonJSModule file:///home/NETID/yaoa/.vscode-server/bin/2af051012b66169dde0c4dfae3f5ef48f787ff69/extensions/json-language-features/client/dist/node/jsonClientMain
[2020-10-06 10:44:52.477] [exthost] [error] [ms-vscode.cpptools] provider FAILED
[2020-10-06 10:44:52.477] [exthost] [error] undefined
[2020-10-06 10:46:59.861] [exthost] [warning] ms-vscode.cpptools - Code actions of kind 'quickfix 'requested but returned code action does not have a 'kind'. Code action will be dropped. Please set 'CodeAction.kind'.
[2020-10-06 10:46:59.861] [exthost] [warning] ms-vscode.cpptools - Code actions of kind 'quickfix 'requested but returned code action does not have a 'kind'. Code action will be dropped. Please set 'CodeAction.kind'.
[2020-10-06 10:46:59.861] [exthost] [warning] ms-vscode.cpptools - Code actions of kind 'quickfix 'requested but returned code action does not have a 'kind'. Code action will be dropped. Please set 'CodeAction.kind'.
[2020-10-06 10:47:11.932] [exthost] [warning] ms-vscode.cpptools - Code actions of kind 'quickfix 'requested but returned code action does not have a 'kind'. Code action will be dropped. Please set 'CodeAction.kind'.
[2020-10-06 10:47:11.932] [exthost] [warning] ms-vscode.cpptools - Code actions of kind 'quickfix 'requested but returned code action does not have a 'kind'. Code action will be dropped. Please set 'CodeAction.kind'.
[2020-10-06 10:47:11.932] [exthost] [warning] ms-vscode.cpptools - Code actions of kind 'quickfix 'requested but returned code action does not have a 'kind'. Code action will be dropped. Please set 'CodeAction.kind'.
[2020-10-06 10:47:11.932] [exthost] [warning] ms-vscode.cpptools - Code actions of kind 'quickfix 'requested but returned code action does not have a 'kind'. Code action will be dropped. Please set 'CodeAction.kind'.
[2020-10-06 10:47:12.148] [exthost] [warning] ms-vscode.cpptools - Code actions of kind 'quickfix 'requested but returned code action does not have a 'kind'. Code action will be dropped. Please set 'CodeAction.kind'.
[2020-10-06 10:47:12.148] [exthost] [warning] ms-vscode.cpptools - Code actions of kind 'quickfix 'requested but returned code action does not have a 'kind'. Code action will be dropped. Please set 'CodeAction.kind'.
[2020-10-06 10:47:12.148] [exthost] [warning] ms-vscode.cpptools - Code actions of kind 'quickfix 'requested but returned code action does not have a 'kind'. Code action will be dropped. Please set 'CodeAction.kind'.
[2020-10-06 10:47:12.148] [exthost] [warning] ms-vscode.cpptools - Code actions of kind 'quickfix 'requested but returned code action does not have a 'kind'. Code action will be dropped. Please set 'CodeAction.kind'.
[2020-10-06 10:47:21.187] [exthost] [warning] ms-vscode.cpptools - Code actions of kind 'quickfix 'requested but returned code action does not have a 'kind'. Code action will be dropped. Please set 'CodeAction.kind'.
[2020-10-06 10:47:21.187] [exthost] [warning] ms-vscode.cpptools - Code actions of kind 'quickfix 'requested but returned code action does not have a 'kind'. Code action will be dropped. Please set 'CodeAction.kind'.
[2020-10-06 10:47:21.187] [exthost] [warning] ms-vscode.cpptools - Code actions of kind 'quickfix 'requested but returned code action does not have a 'kind'. Code action will be dropped. Please set 'CodeAction.kind'.
[2020-10-06 10:47:21.187] [exthost] [warning] ms-vscode.cpptools - Code actions of kind 'quickfix 'requested but returned code action does not have a 'kind'. Code action will be dropped. Please set 'CodeAction.kind'.
[2020-10-06 10:48:46.515] [exthost] [error] [vscode.json-language-features] provider FAILED
[2020-10-06 10:48:46.516] [exthost] [error] Canceled: Canceled
	at _.makeCancelError (/home/NETID/yaoa/.vscode-server/bin/2af051012b66169dde0c4dfae3f5ef48f787ff69/extensions/json-language-features/client/dist/node/jsonClientMain.js:1:60768)
	at _.handleFailedRequest (/home/NETID/yaoa/.vscode-server/bin/2af051012b66169dde0c4dfae3f5ef48f787ff69/extensions/json-language-features/client/dist/node/jsonClientMain.js:1:60622)
	at /home/NETID/yaoa/.vscode-server/bin/2af051012b66169dde0c4dfae3f5ef48f787ff69/extensions/json-language-features/client/dist/node/jsonClientMain.js:1:229812
[2020-10-06 10:49:02.167] [exthost] [error] [ms-vscode.cpptools] provider FAILED
[2020-10-06 10:49:02.167] [exthost] [error] undefined
[2020-10-06 10:49:03.723] [exthost] [warning] ms-vscode.cpptools - Code actions of kind 'quickfix 'requested but returned code action does not have a 'kind'. Code action will be dropped. Please set 'CodeAction.kind'.
[2020-10-06 10:49:03.723] [exthost] [warning] ms-vscode.cpptools - Code actions of kind 'quickfix 'requested but returned code action does not have a 'kind'. Code action will be dropped. Please set 'CodeAction.kind'.
[2020-10-06 10:49:03.723] [exthost] [warning] ms-vscode.cpptools - Code actions of kind 'quickfix 'requested but returned code action does not have a 'kind'. Code action will be dropped. Please set 'CodeAction.kind'.
[2020-10-06 10:49:03.723] [exthost] [warning] ms-vscode.cpptools - Code actions of kind 'quickfix 'requested but returned code action does not have a 'kind'. Code action will be dropped. Please set 'CodeAction.kind'.
