[2020-10-07 14:05:29.914] [exthost] [info] extension host started
[2020-10-07 14:05:30.005] [exthost] [info] ExtensionService#_doActivateExtension austin.code-gnu-global {"startup":false,"extensionId":{"value":"austin.code-gnu-global","_lower":"austin.code-gnu-global"},"activationEvent":"onLanguage:cpp"}
[2020-10-07 14:05:30.005] [exthost] [info] ExtensionService#loadCommonJSModule file:///home/NETID/yaoa/.vscode-server/extensions/austin.code-gnu-global-0.2.2/out/src/extension
[2020-10-07 14:05:30.196] [exthost] [info] ExtensionService#_doActivateExtension ms-vscode.cpptools {"startup":false,"extensionId":{"value":"ms-vscode.cpptools","_lower":"ms-vscode.cpptools"},"activationEvent":"onLanguage:cpp"}
[2020-10-07 14:05:30.196] [exthost] [info] ExtensionService#loadCommonJSModule file:///home/NETID/yaoa/.vscode-server/extensions/ms-vscode.cpptools-1.0.1/dist/main
[2020-10-07 14:05:30.292] [exthost] [info] ExtensionService#_doActivateExtension vscode.debug-auto-launch {"startup":true,"extensionId":{"value":"vscode.debug-auto-launch","_lower":"vscode.debug-auto-launch"},"activationEvent":"*"}
[2020-10-07 14:05:30.292] [exthost] [info] ExtensionService#loadCommonJSModule file:///home/NETID/yaoa/.vscode-server/bin/2af051012b66169dde0c4dfae3f5ef48f787ff69/extensions/debug-auto-launch/dist/extension
[2020-10-07 14:05:30.310] [exthost] [info] ExtensionService#_doActivateExtension vscode.emmet {"startup":true,"extensionId":{"value":"vscode.emmet","_lower":"vscode.emmet"},"activationEvent":"*"}
[2020-10-07 14:05:30.310] [exthost] [info] ExtensionService#loadCommonJSModule file:///home/NETID/yaoa/.vscode-server/bin/2af051012b66169dde0c4dfae3f5ef48f787ff69/extensions/emmet/dist/node/emmetNodeMain
[2020-10-07 14:05:30.353] [exthost] [info] ExtensionService#_doActivateExtension vscode.git {"startup":true,"extensionId":{"value":"vscode.github","_lower":"vscode.github"},"activationEvent":"*"}
[2020-10-07 14:05:30.353] [exthost] [info] ExtensionService#loadCommonJSModule file:///home/NETID/yaoa/.vscode-server/bin/2af051012b66169dde0c4dfae3f5ef48f787ff69/extensions/git/dist/main
[2020-10-07 14:05:30.450] [exthost] [info] ExtensionService#_doActivateExtension vscode.merge-conflict {"startup":true,"extensionId":{"value":"vscode.merge-conflict","_lower":"vscode.merge-conflict"},"activationEvent":"*"}
[2020-10-07 14:05:30.450] [exthost] [info] ExtensionService#loadCommonJSModule file:///home/NETID/yaoa/.vscode-server/bin/2af051012b66169dde0c4dfae3f5ef48f787ff69/extensions/merge-conflict/dist/mergeConflictMain
[2020-10-07 14:05:30.469] [exthost] [info] ExtensionService#_doActivateExtension vscode.search-result {"startup":true,"extensionId":{"value":"vscode.search-result","_lower":"vscode.search-result"},"activationEvent":"*"}
[2020-10-07 14:05:30.469] [exthost] [info] ExtensionService#loadCommonJSModule file:///home/NETID/yaoa/.vscode-server/bin/2af051012b66169dde0c4dfae3f5ef48f787ff69/extensions/search-result/dist/extension.js
[2020-10-07 14:05:30.550] [exthost] [info] Extension 'austin.code-gnu-global' uses a document selector without scheme. Learn more about this: https://go.microsoft.com/fwlink/?linkid=872305
[2020-10-07 14:05:30.673] [exthost] [info] ExtensionService#_doActivateExtension vscode.github {"startup":true,"extensionId":{"value":"vscode.github","_lower":"vscode.github"},"activationEvent":"*"}
[2020-10-07 14:05:30.673] [exthost] [info] ExtensionService#loadCommonJSModule file:///home/NETID/yaoa/.vscode-server/bin/2af051012b66169dde0c4dfae3f5ef48f787ff69/extensions/github/dist/extension.js
[2020-10-07 14:05:30.731] [exthost] [warning] [Deprecation Warning] 'workspace.rootPath' is deprecated. Please use 'workspace.workspaceFolders' instead. More details: https://aka.ms/vscode-eliminating-rootpath
[2020-10-07 14:05:30.749] [exthost] [info] ExtensionService#_doActivateExtension vscode.configuration-editing {"startup":false,"extensionId":{"value":"vscode.configuration-editing","_lower":"vscode.configuration-editing"},"activationEvent":"onLanguage:jsonc"}
[2020-10-07 14:05:30.749] [exthost] [info] ExtensionService#loadCommonJSModule file:///home/NETID/yaoa/.vscode-server/bin/2af051012b66169dde0c4dfae3f5ef48f787ff69/extensions/configuration-editing/dist/configurationEditingMain
[2020-10-07 14:05:30.832] [exthost] [info] ExtensionService#_doActivateExtension vscode.json-language-features {"startup":false,"extensionId":{"value":"vscode.json-language-features","_lower":"vscode.json-language-features"},"activationEvent":"onLanguage:jsonc"}
[2020-10-07 14:05:30.832] [exthost] [info] ExtensionService#loadCommonJSModule file:///home/NETID/yaoa/.vscode-server/bin/2af051012b66169dde0c4dfae3f5ef48f787ff69/extensions/json-language-features/client/dist/node/jsonClientMain
[2020-10-07 14:05:30.906] [exthost] [info] ExtensionService#_doActivateExtension vscode.typescript-language-features {"startup":false,"extensionId":{"value":"vscode.typescript-language-features","_lower":"vscode.typescript-language-features"},"activationEvent":"onLanguage:jsonc"}
[2020-10-07 14:05:30.906] [exthost] [info] ExtensionService#loadCommonJSModule file:///home/NETID/yaoa/.vscode-server/bin/2af051012b66169dde0c4dfae3f5ef48f787ff69/extensions/typescript-language-features/dist/extension
[2020-10-07 14:05:30.987] [exthost] [info] ExtensionService#_doActivateExtension esbenp.prettier-vscode {"startup":false,"extensionId":{"value":"esbenp.prettier-vscode","_lower":"esbenp.prettier-vscode"},"activationEvent":"onStartupFinished"}
[2020-10-07 14:05:30.987] [exthost] [info] ExtensionService#loadCommonJSModule file:///home/NETID/yaoa/.vscode-server/extensions/esbenp.prettier-vscode-5.7.1/dist/extension
[2020-10-07 14:05:31.117] [exthost] [info] eager extensions activated
[2020-10-07 14:05:31.246] [exthost] [info] Extension 'esbenp.prettier-vscode' uses a document selector without scheme. Learn more about this: https://go.microsoft.com/fwlink/?linkid=872305
[2020-10-07 14:23:44.187] [exthost] [error] [ms-vscode.cpptools] provider FAILED
[2020-10-07 14:23:44.187] [exthost] [error] undefined
[2020-10-07 14:26:13.252] [exthost] [error] [ms-vscode.cpptools] provider FAILED
[2020-10-07 14:26:13.252] [exthost] [error] undefined
[2020-10-07 14:27:51.350] [exthost] [error] [ms-vscode.cpptools] provider FAILED
[2020-10-07 14:27:51.350] [exthost] [error] undefined
[2020-10-07 14:28:00.352] [exthost] [warning] ms-vscode.cpptools - Code actions of kind 'quickfix 'requested but returned code action does not have a 'kind'. Code action will be dropped. Please set 'CodeAction.kind'.
[2020-10-07 14:28:00.667] [exthost] [warning] ms-vscode.cpptools - Code actions of kind 'quickfix 'requested but returned code action does not have a 'kind'. Code action will be dropped. Please set 'CodeAction.kind'.
[2020-10-07 14:28:20.374] [exthost] [warning] ms-vscode.cpptools - Code actions of kind 'quickfix 'requested but returned code action does not have a 'kind'. Code action will be dropped. Please set 'CodeAction.kind'.
[2020-10-07 14:28:57.997] [exthost] [error] [ms-vscode.cpptools] provider FAILED
[2020-10-07 14:28:57.997] [exthost] [error] undefined
[2020-10-07 14:30:33.598] [exthost] [error] [ms-vscode.cpptools] provider FAILED
[2020-10-07 14:30:33.598] [exthost] [error] undefined
[2020-10-07 14:30:51.758] [exthost] [warning] ms-vscode.cpptools - Code actions of kind 'quickfix 'requested but returned code action does not have a 'kind'. Code action will be dropped. Please set 'CodeAction.kind'.
[2020-10-07 14:31:04.544] [exthost] [warning] ms-vscode.cpptools - Code actions of kind 'quickfix 'requested but returned code action does not have a 'kind'. Code action will be dropped. Please set 'CodeAction.kind'.
[2020-10-07 14:31:12.111] [exthost] [warning] ms-vscode.cpptools - Code actions of kind 'quickfix 'requested but returned code action does not have a 'kind'. Code action will be dropped. Please set 'CodeAction.kind'.
[2020-10-07 14:31:39.126] [exthost] [error] [ms-vscode.cpptools] provider FAILED
[2020-10-07 14:31:39.126] [exthost] [error] undefined
[2020-10-07 14:31:39.630] [exthost] [error] [ms-vscode.cpptools] provider FAILED
[2020-10-07 14:31:39.630] [exthost] [error] undefined
[2020-10-07 14:32:17.250] [exthost] [error] [ms-vscode.cpptools] provider FAILED
[2020-10-07 14:32:17.250] [exthost] [error] undefined
[2020-10-07 14:32:21.402] [exthost] [error] [ms-vscode.cpptools] provider FAILED
[2020-10-07 14:32:21.402] [exthost] [error] undefined
[2020-10-07 14:32:24.629] [exthost] [warning] ms-vscode.cpptools - Code actions of kind 'quickfix 'requested but returned code action does not have a 'kind'. Code action will be dropped. Please set 'CodeAction.kind'.
[2020-10-07 14:32:24.657] [exthost] [warning] ms-vscode.cpptools - Code actions of kind 'quickfix 'requested but returned code action does not have a 'kind'. Code action will be dropped. Please set 'CodeAction.kind'.
[2020-10-07 14:32:25.463] [exthost] [warning] ms-vscode.cpptools - Code actions of kind 'quickfix 'requested but returned code action does not have a 'kind'. Code action will be dropped. Please set 'CodeAction.kind'.
[2020-10-07 14:32:29.669] [exthost] [warning] ms-vscode.cpptools - Code actions of kind 'quickfix 'requested but returned code action does not have a 'kind'. Code action will be dropped. Please set 'CodeAction.kind'.
[2020-10-07 14:32:30.395] [exthost] [warning] ms-vscode.cpptools - Code actions of kind 'quickfix 'requested but returned code action does not have a 'kind'. Code action will be dropped. Please set 'CodeAction.kind'.
[2020-10-07 14:32:33.483] [exthost] [warning] ms-vscode.cpptools - Code actions of kind 'quickfix 'requested but returned code action does not have a 'kind'. Code action will be dropped. Please set 'CodeAction.kind'.
[2020-10-07 14:32:49.009] [exthost] [error] [ms-vscode.cpptools] provider FAILED
[2020-10-07 14:32:49.009] [exthost] [error] undefined
[2020-10-07 14:33:08.240] [exthost] [warning] ms-vscode.cpptools - Code actions of kind 'quickfix 'requested but returned code action does not have a 'kind'. Code action will be dropped. Please set 'CodeAction.kind'.
[2020-10-07 14:33:21.706] [exthost] [warning] ms-vscode.cpptools - Code actions of kind 'quickfix 'requested but returned code action does not have a 'kind'. Code action will be dropped. Please set 'CodeAction.kind'.
[2020-10-07 14:34:26.527] [exthost] [error] [ms-vscode.cpptools] provider FAILED
[2020-10-07 14:34:26.527] [exthost] [error] undefined
[2020-10-07 14:34:31.881] [exthost] [error] [ms-vscode.cpptools] provider FAILED
[2020-10-07 14:34:31.881] [exthost] [error] undefined
[2020-10-07 14:34:36.523] [exthost] [error] [ms-vscode.cpptools] provider FAILED
[2020-10-07 14:34:36.523] [exthost] [error] undefined
[2020-10-07 14:34:36.914] [exthost] [warning] ms-vscode.cpptools - Code actions of kind 'quickfix 'requested but returned code action does not have a 'kind'. Code action will be dropped. Please set 'CodeAction.kind'.
[2020-10-07 14:34:45.145] [exthost] [error] [ms-vscode.cpptools] provider FAILED
[2020-10-07 14:34:45.145] [exthost] [error] undefined
[2020-10-07 14:34:47.923] [exthost] [warning] ms-vscode.cpptools - Code actions of kind 'quickfix 'requested but returned code action does not have a 'kind'. Code action will be dropped. Please set 'CodeAction.kind'.
[2020-10-07 14:34:52.646] [exthost] [warning] ms-vscode.cpptools - Code actions of kind 'quickfix 'requested but returned code action does not have a 'kind'. Code action will be dropped. Please set 'CodeAction.kind'.
[2020-10-07 14:35:03.405] [exthost] [warning] ms-vscode.cpptools - Code actions of kind 'quickfix 'requested but returned code action does not have a 'kind'. Code action will be dropped. Please set 'CodeAction.kind'.
[2020-10-07 14:35:13.127] [exthost] [error] [ms-vscode.cpptools] provider FAILED
[2020-10-07 14:35:13.127] [exthost] [error] undefined
[2020-10-07 14:35:13.736] [exthost] [error] [ms-vscode.cpptools] provider FAILED
[2020-10-07 14:35:13.736] [exthost] [error] undefined
[2020-10-07 14:35:24.714] [exthost] [error] [ms-vscode.cpptools] provider FAILED
[2020-10-07 14:35:24.714] [exthost] [error] undefined
[2020-10-07 14:35:37.374] [exthost] [error] [ms-vscode.cpptools] provider FAILED
[2020-10-07 14:35:37.374] [exthost] [error] undefined
[2020-10-07 14:35:43.454] [exthost] [warning] ms-vscode.cpptools - Code actions of kind 'quickfix 'requested but returned code action does not have a 'kind'. Code action will be dropped. Please set 'CodeAction.kind'.
[2020-10-07 14:35:46.437] [exthost] [warning] ms-vscode.cpptools - Code actions of kind 'quickfix 'requested but returned code action does not have a 'kind'. Code action will be dropped. Please set 'CodeAction.kind'.
[2020-10-07 14:36:12.034] [exthost] [warning] ms-vscode.cpptools - Code actions of kind 'quickfix 'requested but returned code action does not have a 'kind'. Code action will be dropped. Please set 'CodeAction.kind'.
[2020-10-07 14:38:57.509] [exthost] [error] [ms-vscode.cpptools] provider FAILED
[2020-10-07 14:38:57.509] [exthost] [error] undefined
[2020-10-07 14:39:07.521] [exthost] [warning] ms-vscode.cpptools - Code actions of kind 'quickfix 'requested but returned code action does not have a 'kind'. Code action will be dropped. Please set 'CodeAction.kind'.
[2020-10-07 14:39:16.332] [exthost] [error] [ms-vscode.cpptools] provider FAILED
[2020-10-07 14:39:16.332] [exthost] [error] undefined
[2020-10-07 14:39:24.538] [exthost] [error] [ms-vscode.cpptools] provider FAILED
[2020-10-07 14:39:24.538] [exthost] [error] undefined
[2020-10-07 14:39:32.547] [exthost] [warning] ms-vscode.cpptools - Code actions of kind 'quickfix 'requested but returned code action does not have a 'kind'. Code action will be dropped. Please set 'CodeAction.kind'.
[2020-10-07 14:39:39.269] [exthost] [error] [ms-vscode.cpptools] provider FAILED
[2020-10-07 14:39:39.269] [exthost] [error] undefined
[2020-10-07 14:39:41.806] [exthost] [warning] ms-vscode.cpptools - Code actions of kind 'quickfix 'requested but returned code action does not have a 'kind'. Code action will be dropped. Please set 'CodeAction.kind'.
[2020-10-07 14:39:41.836] [exthost] [error] [ms-vscode.cpptools] provider FAILED
[2020-10-07 14:39:41.836] [exthost] [error] undefined
[2020-10-07 14:39:42.183] [exthost] [warning] ms-vscode.cpptools - Code actions of kind 'quickfix 'requested but returned code action does not have a 'kind'. Code action will be dropped. Please set 'CodeAction.kind'.
[2020-10-07 14:39:42.925] [exthost] [warning] ms-vscode.cpptools - Code actions of kind 'quickfix 'requested but returned code action does not have a 'kind'. Code action will be dropped. Please set 'CodeAction.kind'.
[2020-10-07 14:39:46.941] [exthost] [error] [ms-vscode.cpptools] provider FAILED
[2020-10-07 14:39:46.941] [exthost] [error] undefined
[2020-10-07 14:39:48.759] [exthost] [warning] ms-vscode.cpptools - Code actions of kind 'quickfix 'requested but returned code action does not have a 'kind'. Code action will be dropped. Please set 'CodeAction.kind'.
[2020-10-07 14:39:54.885] [exthost] [error] [ms-vscode.cpptools] provider FAILED
[2020-10-07 14:39:54.885] [exthost] [error] undefined
[2020-10-07 14:40:12.831] [exthost] [warning] ms-vscode.cpptools - Code actions of kind 'quickfix 'requested but returned code action does not have a 'kind'. Code action will be dropped. Please set 'CodeAction.kind'.
[2020-10-07 14:40:18.717] [exthost] [warning] ms-vscode.cpptools - Code actions of kind 'quickfix 'requested but returned code action does not have a 'kind'. Code action will be dropped. Please set 'CodeAction.kind'.
[2020-10-07 14:42:02.297] [exthost] [error] [ms-vscode.cpptools] provider FAILED
[2020-10-07 14:42:02.297] [exthost] [error] undefined
[2020-10-07 14:42:02.357] [exthost] [warning] ms-vscode.cpptools - Code actions of kind 'quickfix 'requested but returned code action does not have a 'kind'. Code action will be dropped. Please set 'CodeAction.kind'.
[2020-10-07 14:42:02.357] [exthost] [warning] ms-vscode.cpptools - Code actions of kind 'quickfix 'requested but returned code action does not have a 'kind'. Code action will be dropped. Please set 'CodeAction.kind'.
[2020-10-07 14:42:14.170] [exthost] [error] [ms-vscode.cpptools] provider FAILED
[2020-10-07 14:42:14.170] [exthost] [error] undefined
[2020-10-07 14:42:20.707] [exthost] [warning] ms-vscode.cpptools - Code actions of kind 'quickfix 'requested but returned code action does not have a 'kind'. Code action will be dropped. Please set 'CodeAction.kind'.
[2020-10-07 14:42:20.707] [exthost] [warning] ms-vscode.cpptools - Code actions of kind 'quickfix 'requested but returned code action does not have a 'kind'. Code action will be dropped. Please set 'CodeAction.kind'.
[2020-10-07 14:42:26.612] [exthost] [error] [ms-vscode.cpptools] provider FAILED
[2020-10-07 14:42:26.612] [exthost] [error] undefined
[2020-10-07 14:43:58.305] [exthost] [error] [ms-vscode.cpptools] provider FAILED
[2020-10-07 14:43:58.305] [exthost] [error] undefined
[2020-10-07 14:44:15.072] [exthost] [error] [ms-vscode.cpptools] provider FAILED
[2020-10-07 14:44:15.072] [exthost] [error] undefined
[2020-10-07 14:44:17.428] [exthost] [error] [ms-vscode.cpptools] provider FAILED
[2020-10-07 14:44:17.428] [exthost] [error] undefined
[2020-10-07 14:44:19.440] [exthost] [error] [ms-vscode.cpptools] provider FAILED
[2020-10-07 14:44:19.440] [exthost] [error] undefined
[2020-10-07 14:44:48.777] [exthost] [warning] ms-vscode.cpptools - Code actions of kind 'quickfix 'requested but returned code action does not have a 'kind'. Code action will be dropped. Please set 'CodeAction.kind'.
[2020-10-07 14:44:49.190] [exthost] [error] [ms-vscode.cpptools] provider FAILED
[2020-10-07 14:44:49.190] [exthost] [error] undefined
[2020-10-07 14:44:49.508] [exthost] [warning] ms-vscode.cpptools - Code actions of kind 'quickfix 'requested but returned code action does not have a 'kind'. Code action will be dropped. Please set 'CodeAction.kind'.
[2020-10-07 14:44:55.673] [exthost] [error] [ms-vscode.cpptools] provider FAILED
[2020-10-07 14:44:55.673] [exthost] [error] undefined
[2020-10-07 14:44:57.941] [exthost] [error] [ms-vscode.cpptools] provider FAILED
[2020-10-07 14:44:57.941] [exthost] [error] undefined
[2020-10-07 14:45:30.512] [exthost] [error] [ms-vscode.cpptools] provider FAILED
[2020-10-07 14:45:30.512] [exthost] [error] undefined
[2020-10-07 14:45:41.454] [exthost] [error] [ms-vscode.cpptools] provider FAILED
[2020-10-07 14:45:41.454] [exthost] [error] undefined
[2020-10-07 14:47:36.810] [exthost] [error] [ms-vscode.cpptools] provider FAILED
[2020-10-07 14:47:36.810] [exthost] [error] undefined
[2020-10-07 14:48:21.101] [exthost] [error] [ms-vscode.cpptools] provider FAILED
[2020-10-07 14:48:21.101] [exthost] [error] undefined
[2020-10-07 14:52:19.003] [exthost] [info] ExtensionService#_doActivateExtension vscode.debug-server-ready {"startup":false,"extensionId":{"value":"vscode.debug-server-ready","_lower":"vscode.debug-server-ready"},"activationEvent":"onDebugResolve"}
[2020-10-07 14:52:19.004] [exthost] [info] ExtensionService#loadCommonJSModule file:///home/NETID/yaoa/.vscode-server/bin/2af051012b66169dde0c4dfae3f5ef48f787ff69/extensions/debug-server-ready/dist/extension
[2020-10-07 14:52:19.067] [exthost] [info] ExtensionService#_doActivateExtension vscode.grunt {"startup":false,"extensionId":{"value":"vscode.grunt","_lower":"vscode.grunt"},"activationEvent":"onCommand:workbench.action.tasks.runTask"}
[2020-10-07 14:52:19.067] [exthost] [info] ExtensionService#loadCommonJSModule file:///home/NETID/yaoa/.vscode-server/bin/2af051012b66169dde0c4dfae3f5ef48f787ff69/extensions/grunt/dist/main
[2020-10-07 14:52:19.074] [exthost] [info] ExtensionService#_doActivateExtension vscode.gulp {"startup":false,"extensionId":{"value":"vscode.gulp","_lower":"vscode.gulp"},"activationEvent":"onCommand:workbench.action.tasks.runTask"}
[2020-10-07 14:52:19.074] [exthost] [info] ExtensionService#loadCommonJSModule file:///home/NETID/yaoa/.vscode-server/bin/2af051012b66169dde0c4dfae3f5ef48f787ff69/extensions/gulp/dist/main
[2020-10-07 14:52:19.080] [exthost] [info] ExtensionService#_doActivateExtension vscode.jake {"startup":false,"extensionId":{"value":"vscode.jake","_lower":"vscode.jake"},"activationEvent":"onCommand:workbench.action.tasks.runTask"}
[2020-10-07 14:52:19.080] [exthost] [info] ExtensionService#loadCommonJSModule file:///home/NETID/yaoa/.vscode-server/bin/2af051012b66169dde0c4dfae3f5ef48f787ff69/extensions/jake/dist/main
[2020-10-07 14:52:19.086] [exthost] [info] ExtensionService#_doActivateExtension vscode.npm {"startup":false,"extensionId":{"value":"vscode.npm","_lower":"vscode.npm"},"activationEvent":"onCommand:workbench.action.tasks.runTask"}
[2020-10-07 14:52:19.086] [exthost] [info] ExtensionService#loadCommonJSModule file:///home/NETID/yaoa/.vscode-server/bin/2af051012b66169dde0c4dfae3f5ef48f787ff69/extensions/npm/dist/npmMain
[2020-10-07 14:52:57.765] [exthost] [error] [ms-vscode.cpptools] provider FAILED
[2020-10-07 14:52:57.766] [exthost] [error] undefined
[2020-10-07 14:53:52.451] [exthost] [error] [ms-vscode.cpptools] provider FAILED
[2020-10-07 14:53:52.451] [exthost] [error] undefined
[2020-10-07 14:54:51.058] [exthost] [error] [ms-vscode.cpptools] provider FAILED
[2020-10-07 14:54:51.058] [exthost] [error] undefined
[2020-10-07 14:55:03.649] [exthost] [error] [ms-vscode.cpptools] provider FAILED
[2020-10-07 14:55:03.649] [exthost] [error] undefined
[2020-10-07 14:55:18.531] [exthost] [error] [ms-vscode.cpptools] provider FAILED
[2020-10-07 14:55:18.531] [exthost] [error] undefined
[2020-10-07 14:55:32.952] [exthost] [warning] ms-vscode.cpptools - Code actions of kind 'quickfix 'requested but returned code action does not have a 'kind'. Code action will be dropped. Please set 'CodeAction.kind'.
[2020-10-07 14:55:36.560] [exthost] [warning] ms-vscode.cpptools - Code actions of kind 'quickfix 'requested but returned code action does not have a 'kind'. Code action will be dropped. Please set 'CodeAction.kind'.
[2020-10-07 14:55:41.292] [exthost] [error] [ms-vscode.cpptools] provider FAILED
[2020-10-07 14:55:41.292] [exthost] [error] undefined
[2020-10-07 14:56:09.505] [exthost] [error] [ms-vscode.cpptools] provider FAILED
[2020-10-07 14:56:09.505] [exthost] [error] undefined
[2020-10-07 14:56:40.974] [exthost] [error] [ms-vscode.cpptools] provider FAILED
[2020-10-07 14:56:40.974] [exthost] [error] undefined
[2020-10-07 14:56:56.087] [exthost] [warning] ms-vscode.cpptools - Code actions of kind 'quickfix 'requested but returned code action does not have a 'kind'. Code action will be dropped. Please set 'CodeAction.kind'.
[2020-10-07 14:56:56.087] [exthost] [warning] ms-vscode.cpptools - Code actions of kind 'quickfix 'requested but returned code action does not have a 'kind'. Code action will be dropped. Please set 'CodeAction.kind'.
[2020-10-07 14:58:08.165] [exthost] [warning] ms-vscode.cpptools - Code actions of kind 'quickfix 'requested but returned code action does not have a 'kind'. Code action will be dropped. Please set 'CodeAction.kind'.
[2020-10-07 14:58:08.165] [exthost] [warning] ms-vscode.cpptools - Code actions of kind 'quickfix 'requested but returned code action does not have a 'kind'. Code action will be dropped. Please set 'CodeAction.kind'.
[2020-10-07 14:58:54.049] [exthost] [warning] ms-vscode.cpptools - Code actions of kind 'quickfix 'requested but returned code action does not have a 'kind'. Code action will be dropped. Please set 'CodeAction.kind'.
[2020-10-07 14:59:09.586] [exthost] [error] [ms-vscode.cpptools] provider FAILED
[2020-10-07 14:59:09.586] [exthost] [error] undefined
[2020-10-07 14:59:53.838] [exthost] [error] [ms-vscode.cpptools] provider FAILED
[2020-10-07 14:59:53.838] [exthost] [error] undefined
[2020-10-07 15:00:02.263] [exthost] [error] [ms-vscode.cpptools] provider FAILED
[2020-10-07 15:00:02.263] [exthost] [error] undefined
[2020-10-07 15:00:04.248] [exthost] [error] [ms-vscode.cpptools] provider FAILED
[2020-10-07 15:00:04.248] [exthost] [error] undefined
[2020-10-07 15:00:26.962] [exthost] [error] [ms-vscode.cpptools] provider FAILED
[2020-10-07 15:00:26.962] [exthost] [error] undefined
[2020-10-07 15:00:35.453] [exthost] [warning] ms-vscode.cpptools - Code actions of kind 'quickfix 'requested but returned code action does not have a 'kind'. Code action will be dropped. Please set 'CodeAction.kind'.
[2020-10-07 15:00:47.961] [exthost] [error] [ms-vscode.cpptools] provider FAILED
[2020-10-07 15:00:47.961] [exthost] [error] undefined
[2020-10-07 15:00:51.504] [exthost] [error] [ms-vscode.cpptools] provider FAILED
[2020-10-07 15:00:51.504] [exthost] [error] undefined
[2020-10-07 15:01:27.633] [exthost] [error] [ms-vscode.cpptools] provider FAILED
[2020-10-07 15:01:27.633] [exthost] [error] undefined
[2020-10-07 15:01:42.979] [exthost] [warning] ms-vscode.cpptools - Code actions of kind 'quickfix 'requested but returned code action does not have a 'kind'. Code action will be dropped. Please set 'CodeAction.kind'.
[2020-10-07 15:02:07.963] [exthost] [warning] ms-vscode.cpptools - Code actions of kind 'quickfix 'requested but returned code action does not have a 'kind'. Code action will be dropped. Please set 'CodeAction.kind'.
[2020-10-07 15:02:10.183] [exthost] [warning] ms-vscode.cpptools - Code actions of kind 'quickfix 'requested but returned code action does not have a 'kind'. Code action will be dropped. Please set 'CodeAction.kind'.
[2020-10-07 15:02:21.201] [exthost] [warning] ms-vscode.cpptools - Code actions of kind 'quickfix 'requested but returned code action does not have a 'kind'. Code action will be dropped. Please set 'CodeAction.kind'.
[2020-10-07 15:02:41.503] [exthost] [error] [ms-vscode.cpptools] provider FAILED
[2020-10-07 15:02:41.503] [exthost] [error] undefined
[2020-10-07 15:02:41.509] [exthost] [warning] ms-vscode.cpptools - Code actions of kind 'quickfix 'requested but returned code action does not have a 'kind'. Code action will be dropped. Please set 'CodeAction.kind'.
[2020-10-07 15:02:48.059] [exthost] [warning] ms-vscode.cpptools - Code actions of kind 'quickfix 'requested but returned code action does not have a 'kind'. Code action will be dropped. Please set 'CodeAction.kind'.
[2020-10-07 15:03:02.721] [exthost] [warning] ms-vscode.cpptools - Code actions of kind 'quickfix 'requested but returned code action does not have a 'kind'. Code action will be dropped. Please set 'CodeAction.kind'.
[2020-10-07 15:03:08.627] [exthost] [error] [ms-vscode.cpptools] provider FAILED
[2020-10-07 15:03:08.627] [exthost] [error] undefined
[2020-10-07 15:03:09.996] [exthost] [error] [ms-vscode.cpptools] provider FAILED
[2020-10-07 15:03:09.996] [exthost] [error] undefined
[2020-10-07 15:03:10.055] [exthost] [warning] ms-vscode.cpptools - Code actions of kind 'quickfix 'requested but returned code action does not have a 'kind'. Code action will be dropped. Please set 'CodeAction.kind'.
[2020-10-07 15:03:12.145] [exthost] [warning] ms-vscode.cpptools - Code actions of kind 'quickfix 'requested but returned code action does not have a 'kind'. Code action will be dropped. Please set 'CodeAction.kind'.
[2020-10-07 15:03:13.866] [exthost] [warning] ms-vscode.cpptools - Code actions of kind 'quickfix 'requested but returned code action does not have a 'kind'. Code action will be dropped. Please set 'CodeAction.kind'.
[2020-10-07 15:03:16.198] [exthost] [warning] ms-vscode.cpptools - Code actions of kind 'quickfix 'requested but returned code action does not have a 'kind'. Code action will be dropped. Please set 'CodeAction.kind'.
[2020-10-07 15:03:17.435] [exthost] [warning] ms-vscode.cpptools - Code actions of kind 'quickfix 'requested but returned code action does not have a 'kind'. Code action will be dropped. Please set 'CodeAction.kind'.
[2020-10-07 15:03:21.511] [exthost] [warning] ms-vscode.cpptools - Code actions of kind 'quickfix 'requested but returned code action does not have a 'kind'. Code action will be dropped. Please set 'CodeAction.kind'.
[2020-10-07 15:03:23.180] [exthost] [warning] ms-vscode.cpptools - Code actions of kind 'quickfix 'requested but returned code action does not have a 'kind'. Code action will be dropped. Please set 'CodeAction.kind'.
[2020-10-07 15:03:53.791] [exthost] [warning] ms-vscode.cpptools - Code actions of kind 'quickfix 'requested but returned code action does not have a 'kind'. Code action will be dropped. Please set 'CodeAction.kind'.
[2020-10-07 15:04:19.510] [exthost] [error] [ms-vscode.cpptools] provider FAILED
[2020-10-07 15:04:19.510] [exthost] [error] undefined
[2020-10-07 15:04:20.980] [exthost] [error] [ms-vscode.cpptools] provider FAILED
[2020-10-07 15:04:20.980] [exthost] [error] undefined
[2020-10-07 15:04:31.981] [exthost] [error] [ms-vscode.cpptools] provider FAILED
[2020-10-07 15:04:31.981] [exthost] [error] undefined
[2020-10-07 15:04:35.242] [exthost] [warning] ms-vscode.cpptools - Code actions of kind 'quickfix 'requested but returned code action does not have a 'kind'. Code action will be dropped. Please set 'CodeAction.kind'.
[2020-10-07 15:04:35.242] [exthost] [warning] ms-vscode.cpptools - Code actions of kind 'quickfix 'requested but returned code action does not have a 'kind'. Code action will be dropped. Please set 'CodeAction.kind'.
[2020-10-07 15:04:37.437] [exthost] [warning] ms-vscode.cpptools - Code actions of kind 'quickfix 'requested but returned code action does not have a 'kind'. Code action will be dropped. Please set 'CodeAction.kind'.
[2020-10-07 15:04:41.614] [exthost] [warning] ms-vscode.cpptools - Code actions of kind 'quickfix 'requested but returned code action does not have a 'kind'. Code action will be dropped. Please set 'CodeAction.kind'.
[2020-10-07 15:04:43.103] [exthost] [warning] ms-vscode.cpptools - Code actions of kind 'quickfix 'requested but returned code action does not have a 'kind'. Code action will be dropped. Please set 'CodeAction.kind'.
[2020-10-07 15:04:57.322] [exthost] [error] [ms-vscode.cpptools] provider FAILED
[2020-10-07 15:04:57.322] [exthost] [error] undefined
[2020-10-07 15:05:08.436] [exthost] [error] [ms-vscode.cpptools] provider FAILED
[2020-10-07 15:05:08.436] [exthost] [error] undefined
[2020-10-07 15:05:36.150] [exthost] [error] [ms-vscode.cpptools] provider FAILED
[2020-10-07 15:05:36.150] [exthost] [error] undefined
[2020-10-07 15:05:48.841] [exthost] [error] [ms-vscode.cpptools] provider FAILED
[2020-10-07 15:05:48.841] [exthost] [error] undefined
[2020-10-07 15:05:53.053] [exthost] [warning] ms-vscode.cpptools - Code actions of kind 'quickfix 'requested but returned code action does not have a 'kind'. Code action will be dropped. Please set 'CodeAction.kind'.
[2020-10-07 15:05:53.053] [exthost] [warning] ms-vscode.cpptools - Code actions of kind 'quickfix 'requested but returned code action does not have a 'kind'. Code action will be dropped. Please set 'CodeAction.kind'.
[2020-10-07 15:06:03.829] [exthost] [warning] ms-vscode.cpptools - Code actions of kind 'quickfix 'requested but returned code action does not have a 'kind'. Code action will be dropped. Please set 'CodeAction.kind'.
[2020-10-07 15:06:03.830] [exthost] [warning] ms-vscode.cpptools - Code actions of kind 'quickfix 'requested but returned code action does not have a 'kind'. Code action will be dropped. Please set 'CodeAction.kind'.
[2020-10-07 15:06:10.823] [exthost] [warning] ms-vscode.cpptools - Code actions of kind 'quickfix 'requested but returned code action does not have a 'kind'. Code action will be dropped. Please set 'CodeAction.kind'.
[2020-10-07 15:06:10.823] [exthost] [warning] ms-vscode.cpptools - Code actions of kind 'quickfix 'requested but returned code action does not have a 'kind'. Code action will be dropped. Please set 'CodeAction.kind'.
[2020-10-07 15:06:12.959] [exthost] [warning] ms-vscode.cpptools - Code actions of kind 'quickfix 'requested but returned code action does not have a 'kind'. Code action will be dropped. Please set 'CodeAction.kind'.
[2020-10-07 15:06:12.959] [exthost] [warning] ms-vscode.cpptools - Code actions of kind 'quickfix 'requested but returned code action does not have a 'kind'. Code action will be dropped. Please set 'CodeAction.kind'.
[2020-10-07 15:06:20.241] [exthost] [error] [ms-vscode.cpptools] provider FAILED
[2020-10-07 15:06:20.241] [exthost] [error] undefined
[2020-10-07 15:06:40.467] [exthost] [warning] ms-vscode.cpptools - Code actions of kind 'quickfix 'requested but returned code action does not have a 'kind'. Code action will be dropped. Please set 'CodeAction.kind'.
[2020-10-07 15:06:40.467] [exthost] [warning] ms-vscode.cpptools - Code actions of kind 'quickfix 'requested but returned code action does not have a 'kind'. Code action will be dropped. Please set 'CodeAction.kind'.
[2020-10-07 15:06:40.955] [exthost] [warning] ms-vscode.cpptools - Code actions of kind 'quickfix 'requested but returned code action does not have a 'kind'. Code action will be dropped. Please set 'CodeAction.kind'.
[2020-10-07 15:06:40.955] [exthost] [warning] ms-vscode.cpptools - Code actions of kind 'quickfix 'requested but returned code action does not have a 'kind'. Code action will be dropped. Please set 'CodeAction.kind'.
[2020-10-07 15:06:42.002] [exthost] [error] [ms-vscode.cpptools] provider FAILED
[2020-10-07 15:06:42.002] [exthost] [error] undefined
[2020-10-07 15:06:51.771] [exthost] [warning] ms-vscode.cpptools - Code actions of kind 'quickfix 'requested but returned code action does not have a 'kind'. Code action will be dropped. Please set 'CodeAction.kind'.
[2020-10-07 15:06:51.771] [exthost] [warning] ms-vscode.cpptools - Code actions of kind 'quickfix 'requested but returned code action does not have a 'kind'. Code action will be dropped. Please set 'CodeAction.kind'.
[2020-10-07 15:06:52.341] [exthost] [warning] ms-vscode.cpptools - Code actions of kind 'quickfix 'requested but returned code action does not have a 'kind'. Code action will be dropped. Please set 'CodeAction.kind'.
[2020-10-07 15:06:52.341] [exthost] [warning] ms-vscode.cpptools - Code actions of kind 'quickfix 'requested but returned code action does not have a 'kind'. Code action will be dropped. Please set 'CodeAction.kind'.
[2020-10-07 15:06:56.711] [exthost] [warning] ms-vscode.cpptools - Code actions of kind 'quickfix 'requested but returned code action does not have a 'kind'. Code action will be dropped. Please set 'CodeAction.kind'.
[2020-10-07 15:06:56.711] [exthost] [warning] ms-vscode.cpptools - Code actions of kind 'quickfix 'requested but returned code action does not have a 'kind'. Code action will be dropped. Please set 'CodeAction.kind'.
[2020-10-07 15:08:04.636] [exthost] [error] [ms-vscode.cpptools] provider FAILED
[2020-10-07 15:08:04.636] [exthost] [error] undefined
[2020-10-07 15:08:07.374] [exthost] [warning] ms-vscode.cpptools - Code actions of kind 'quickfix 'requested but returned code action does not have a 'kind'. Code action will be dropped. Please set 'CodeAction.kind'.
[2020-10-07 15:10:31.861] [exthost] [error] [ms-vscode.cpptools] provider FAILED
[2020-10-07 15:10:31.861] [exthost] [error] undefined
[2020-10-07 15:10:56.187] [exthost] [warning] ms-vscode.cpptools - Code actions of kind 'quickfix 'requested but returned code action does not have a 'kind'. Code action will be dropped. Please set 'CodeAction.kind'.
[2020-10-07 15:10:56.188] [exthost] [warning] ms-vscode.cpptools - Code actions of kind 'quickfix 'requested but returned code action does not have a 'kind'. Code action will be dropped. Please set 'CodeAction.kind'.
[2020-10-07 15:11:10.289] [exthost] [warning] ms-vscode.cpptools - Code actions of kind 'quickfix 'requested but returned code action does not have a 'kind'. Code action will be dropped. Please set 'CodeAction.kind'.
[2020-10-07 15:11:10.289] [exthost] [warning] ms-vscode.cpptools - Code actions of kind 'quickfix 'requested but returned code action does not have a 'kind'. Code action will be dropped. Please set 'CodeAction.kind'.
[2020-10-07 15:13:45.484] [exthost] [error] [ms-vscode.cpptools] provider FAILED
[2020-10-07 15:13:45.484] [exthost] [error] undefined
[2020-10-07 15:13:47.512] [exthost] [error] [ms-vscode.cpptools] provider FAILED
[2020-10-07 15:13:47.512] [exthost] [error] undefined
[2020-10-07 15:14:23.088] [exthost] [error] [ms-vscode.cpptools] provider FAILED
[2020-10-07 15:14:23.088] [exthost] [error] undefined
[2020-10-07 15:14:33.505] [exthost] [error] [ms-vscode.cpptools] provider FAILED
[2020-10-07 15:14:33.505] [exthost] [error] undefined
[2020-10-07 15:14:41.456] [exthost] [error] [ms-vscode.cpptools] provider FAILED
[2020-10-07 15:14:41.456] [exthost] [error] undefined
[2020-10-07 15:14:50.333] [exthost] [error] [ms-vscode.cpptools] provider FAILED
[2020-10-07 15:14:50.333] [exthost] [error] undefined
[2020-10-07 15:15:02.790] [exthost] [error] [ms-vscode.cpptools] provider FAILED
[2020-10-07 15:15:02.790] [exthost] [error] undefined
[2020-10-07 15:15:07.509] [exthost] [error] [ms-vscode.cpptools] provider FAILED
[2020-10-07 15:15:07.509] [exthost] [error] undefined
[2020-10-07 15:15:08.835] [exthost] [error] [ms-vscode.cpptools] provider FAILED
[2020-10-07 15:15:08.835] [exthost] [error] undefined
[2020-10-07 15:15:10.900] [exthost] [error] [ms-vscode.cpptools] provider FAILED
[2020-10-07 15:15:10.900] [exthost] [error] undefined
[2020-10-07 15:15:48.777] [exthost] [error] [ms-vscode.cpptools] provider FAILED
[2020-10-07 15:15:48.777] [exthost] [error] undefined
[2020-10-07 15:16:12.893] [exthost] [warning] ms-vscode.cpptools - Code actions of kind 'quickfix 'requested but returned code action does not have a 'kind'. Code action will be dropped. Please set 'CodeAction.kind'.
[2020-10-07 15:16:17.481] [exthost] [warning] ms-vscode.cpptools - Code actions of kind 'quickfix 'requested but returned code action does not have a 'kind'. Code action will be dropped. Please set 'CodeAction.kind'.
[2020-10-07 15:16:29.345] [exthost] [error] [ms-vscode.cpptools] provider FAILED
[2020-10-07 15:16:29.345] [exthost] [error] undefined
[2020-10-07 15:16:31.435] [exthost] [warning] ms-vscode.cpptools - Code actions of kind 'quickfix 'requested but returned code action does not have a 'kind'. Code action will be dropped. Please set 'CodeAction.kind'.
[2020-10-07 15:16:39.357] [exthost] [error] [ms-vscode.cpptools] provider FAILED
[2020-10-07 15:16:39.357] [exthost] [error] undefined
[2020-10-07 15:16:39.382] [exthost] [warning] ms-vscode.cpptools - Code actions of kind 'quickfix 'requested but returned code action does not have a 'kind'. Code action will be dropped. Please set 'CodeAction.kind'.
[2020-10-07 15:16:49.231] [exthost] [error] [ms-vscode.cpptools] provider FAILED
[2020-10-07 15:16:49.231] [exthost] [error] undefined
[2020-10-07 15:18:30.963] [exthost] [error] [ms-vscode.cpptools] provider FAILED
[2020-10-07 15:18:30.963] [exthost] [error] undefined
[2020-10-07 15:19:11.334] [exthost] [error] [ms-vscode.cpptools] provider FAILED
[2020-10-07 15:19:11.334] [exthost] [error] undefined
[2020-10-07 15:19:57.469] [exthost] [error] [ms-vscode.cpptools] provider FAILED
[2020-10-07 15:19:57.469] [exthost] [error] undefined
[2020-10-07 15:20:10.085] [exthost] [error] [ms-vscode.cpptools] provider FAILED
[2020-10-07 15:20:10.085] [exthost] [error] undefined
[2020-10-07 15:20:16.527] [exthost] [error] [ms-vscode.cpptools] provider FAILED
[2020-10-07 15:20:16.527] [exthost] [error] undefined
[2020-10-07 15:24:26.536] [exthost] [error] [ms-vscode.cpptools] provider FAILED
[2020-10-07 15:24:26.536] [exthost] [error] undefined
[2020-10-07 15:25:14.559] [exthost] [warning] ms-vscode.cpptools - Code actions of kind 'quickfix 'requested but returned code action does not have a 'kind'. Code action will be dropped. Please set 'CodeAction.kind'.
[2020-10-07 15:25:15.219] [exthost] [warning] ms-vscode.cpptools - Code actions of kind 'quickfix 'requested but returned code action does not have a 'kind'. Code action will be dropped. Please set 'CodeAction.kind'.
[2020-10-07 15:25:23.052] [exthost] [error] [ms-vscode.cpptools] provider FAILED
[2020-10-07 15:25:23.052] [exthost] [error] undefined
[2020-10-07 15:36:29.880] [exthost] [error] [ms-vscode.cpptools] provider FAILED
[2020-10-07 15:36:29.880] [exthost] [error] undefined
[2020-10-07 15:36:34.906] [exthost] [error] [ms-vscode.cpptools] provider FAILED
[2020-10-07 15:36:34.906] [exthost] [error] undefined
[2020-10-07 15:38:42.118] [exthost] [error] [ms-vscode.cpptools] provider FAILED
[2020-10-07 15:38:42.118] [exthost] [error] undefined
[2020-10-07 15:39:50.149] [exthost] [error] [ms-vscode.cpptools] provider FAILED
[2020-10-07 15:39:50.149] [exthost] [error] undefined
[2020-10-07 15:40:04.745] [exthost] [error] [ms-vscode.cpptools] provider FAILED
[2020-10-07 15:40:04.745] [exthost] [error] undefined
[2020-10-07 15:40:18.813] [exthost] [error] [ms-vscode.cpptools] provider FAILED
[2020-10-07 15:40:18.813] [exthost] [error] undefined
[2020-10-07 15:40:22.846] [exthost] [error] [ms-vscode.cpptools] provider FAILED
[2020-10-07 15:40:22.846] [exthost] [error] undefined
[2020-10-07 15:40:31.443] [exthost] [error] [ms-vscode.cpptools] provider FAILED
[2020-10-07 15:40:31.443] [exthost] [error] undefined
[2020-10-07 15:40:37.027] [exthost] [error] [ms-vscode.cpptools] provider FAILED
[2020-10-07 15:40:37.027] [exthost] [error] undefined
[2020-10-07 15:40:52.794] [exthost] [error] [ms-vscode.cpptools] provider FAILED
[2020-10-07 15:40:52.794] [exthost] [error] undefined
[2020-10-07 15:40:58.905] [exthost] [error] [ms-vscode.cpptools] provider FAILED
[2020-10-07 15:40:58.905] [exthost] [error] undefined
[2020-10-07 15:41:10.848] [exthost] [error] [ms-vscode.cpptools] provider FAILED
[2020-10-07 15:41:10.848] [exthost] [error] undefined
[2020-10-07 15:44:08.655] [exthost] [error] [ms-vscode.cpptools] provider FAILED
[2020-10-07 15:44:08.655] [exthost] [error] undefined
[2020-10-07 15:44:15.623] [exthost] [error] [ms-vscode.cpptools] provider FAILED
[2020-10-07 15:44:15.623] [exthost] [error] undefined
[2020-10-07 15:45:24.985] [exthost] [error] [ms-vscode.cpptools] provider FAILED
[2020-10-07 15:45:24.985] [exthost] [error] undefined
[2020-10-07 15:45:36.237] [exthost] [warning] ms-vscode.cpptools - Code actions of kind 'quickfix 'requested but returned code action does not have a 'kind'. Code action will be dropped. Please set 'CodeAction.kind'.
[2020-10-07 15:45:36.258] [exthost] [error] [ms-vscode.cpptools] provider FAILED
[2020-10-07 15:45:36.258] [exthost] [error] undefined
[2020-10-07 15:45:44.384] [exthost] [error] [ms-vscode.cpptools] provider FAILED
[2020-10-07 15:45:44.384] [exthost] [error] undefined
[2020-10-07 15:45:45.076] [exthost] [warning] ms-vscode.cpptools - Code actions of kind 'quickfix 'requested but returned code action does not have a 'kind'. Code action will be dropped. Please set 'CodeAction.kind'.
[2020-10-07 15:45:49.536] [exthost] [warning] ms-vscode.cpptools - Code actions of kind 'quickfix 'requested but returned code action does not have a 'kind'. Code action will be dropped. Please set 'CodeAction.kind'.
[2020-10-07 15:46:18.000] [exthost] [warning] ms-vscode.cpptools - Code actions of kind 'quickfix 'requested but returned code action does not have a 'kind'. Code action will be dropped. Please set 'CodeAction.kind'.
[2020-10-07 15:46:19.018] [exthost] [warning] ms-vscode.cpptools - Code actions of kind 'quickfix 'requested but returned code action does not have a 'kind'. Code action will be dropped. Please set 'CodeAction.kind'.
[2020-10-07 15:46:20.154] [exthost] [error] [ms-vscode.cpptools] provider FAILED
[2020-10-07 15:46:20.154] [exthost] [error] undefined
[2020-10-07 15:46:28.266] [exthost] [error] [ms-vscode.cpptools] provider FAILED
[2020-10-07 15:46:28.266] [exthost] [error] undefined
[2020-10-07 15:46:47.552] [exthost] [error] [ms-vscode.cpptools] provider FAILED
[2020-10-07 15:46:47.552] [exthost] [error] undefined
[2020-10-07 15:46:54.002] [exthost] [error] [ms-vscode.cpptools] provider FAILED
[2020-10-07 15:46:54.002] [exthost] [error] undefined
[2020-10-07 15:49:58.262] [exthost] [error] [ms-vscode.cpptools] provider FAILED
[2020-10-07 15:49:58.262] [exthost] [error] undefined
[2020-10-07 15:50:04.974] [exthost] [error] [ms-vscode.cpptools] provider FAILED
[2020-10-07 15:50:04.974] [exthost] [error] undefined
[2020-10-07 15:50:27.978] [exthost] [warning] ms-vscode.cpptools - Code actions of kind 'quickfix 'requested but returned code action does not have a 'kind'. Code action will be dropped. Please set 'CodeAction.kind'.
[2020-10-07 15:50:29.898] [exthost] [warning] ms-vscode.cpptools - Code actions of kind 'quickfix 'requested but returned code action does not have a 'kind'. Code action will be dropped. Please set 'CodeAction.kind'.
[2020-10-07 15:50:32.820] [exthost] [warning] ms-vscode.cpptools - Code actions of kind 'quickfix 'requested but returned code action does not have a 'kind'. Code action will be dropped. Please set 'CodeAction.kind'.
[2020-10-07 15:50:34.606] [exthost] [error] [ms-vscode.cpptools] provider FAILED
[2020-10-07 15:50:34.606] [exthost] [error] undefined
[2020-10-07 15:50:42.174] [exthost] [error] [ms-vscode.cpptools] provider FAILED
[2020-10-07 15:50:42.174] [exthost] [error] undefined
[2020-10-07 15:50:46.925] [exthost] [error] [ms-vscode.cpptools] provider FAILED
[2020-10-07 15:50:46.925] [exthost] [error] undefined
[2020-10-07 15:50:58.159] [exthost] [error] [ms-vscode.cpptools] provider FAILED
[2020-10-07 15:50:58.159] [exthost] [error] undefined
[2020-10-07 15:51:35.023] [exthost] [error] [ms-vscode.cpptools] provider FAILED
[2020-10-07 15:51:35.023] [exthost] [error] undefined
[2020-10-07 15:51:36.191] [exthost] [warning] ms-vscode.cpptools - Code actions of kind 'quickfix 'requested but returned code action does not have a 'kind'. Code action will be dropped. Please set 'CodeAction.kind'.
[2020-10-07 15:51:36.191] [exthost] [warning] ms-vscode.cpptools - Code actions of kind 'quickfix 'requested but returned code action does not have a 'kind'. Code action will be dropped. Please set 'CodeAction.kind'.
[2020-10-07 15:51:37.643] [exthost] [warning] ms-vscode.cpptools - Code actions of kind 'quickfix 'requested but returned code action does not have a 'kind'. Code action will be dropped. Please set 'CodeAction.kind'.
[2020-10-07 15:51:37.643] [exthost] [warning] ms-vscode.cpptools - Code actions of kind 'quickfix 'requested but returned code action does not have a 'kind'. Code action will be dropped. Please set 'CodeAction.kind'.
[2020-10-07 15:51:40.365] [exthost] [warning] ms-vscode.cpptools - Code actions of kind 'quickfix 'requested but returned code action does not have a 'kind'. Code action will be dropped. Please set 'CodeAction.kind'.
[2020-10-07 15:51:40.365] [exthost] [warning] ms-vscode.cpptools - Code actions of kind 'quickfix 'requested but returned code action does not have a 'kind'. Code action will be dropped. Please set 'CodeAction.kind'.
[2020-10-07 15:51:48.026] [exthost] [warning] ms-vscode.cpptools - Code actions of kind 'quickfix 'requested but returned code action does not have a 'kind'. Code action will be dropped. Please set 'CodeAction.kind'.
[2020-10-07 15:51:48.026] [exthost] [warning] ms-vscode.cpptools - Code actions of kind 'quickfix 'requested but returned code action does not have a 'kind'. Code action will be dropped. Please set 'CodeAction.kind'.
[2020-10-07 15:51:57.852] [exthost] [error] [ms-vscode.cpptools] provider FAILED
[2020-10-07 15:51:57.852] [exthost] [error] undefined
[2020-10-07 15:52:08.354] [exthost] [error] [ms-vscode.cpptools] provider FAILED
[2020-10-07 15:52:08.354] [exthost] [error] undefined
[2020-10-07 15:52:16.834] [exthost] [error] [ms-vscode.cpptools] provider FAILED
[2020-10-07 15:52:16.834] [exthost] [error] undefined
[2020-10-07 15:52:18.637] [exthost] [warning] ms-vscode.cpptools - Code actions of kind 'quickfix 'requested but returned code action does not have a 'kind'. Code action will be dropped. Please set 'CodeAction.kind'.
[2020-10-07 15:52:20.003] [exthost] [warning] ms-vscode.cpptools - Code actions of kind 'quickfix 'requested but returned code action does not have a 'kind'. Code action will be dropped. Please set 'CodeAction.kind'.
[2020-10-07 15:52:22.997] [exthost] [warning] ms-vscode.cpptools - Code actions of kind 'quickfix 'requested but returned code action does not have a 'kind'. Code action will be dropped. Please set 'CodeAction.kind'.
[2020-10-07 15:52:25.461] [exthost] [warning] ms-vscode.cpptools - Code actions of kind 'quickfix 'requested but returned code action does not have a 'kind'. Code action will be dropped. Please set 'CodeAction.kind'.
[2020-10-07 15:52:38.409] [exthost] [error] [ms-vscode.cpptools] provider FAILED
[2020-10-07 15:52:38.409] [exthost] [error] undefined
[2020-10-07 15:53:02.588] [exthost] [error] [ms-vscode.cpptools] provider FAILED
[2020-10-07 15:53:02.588] [exthost] [error] undefined
[2020-10-07 15:53:06.826] [exthost] [error] [ms-vscode.cpptools] provider FAILED
[2020-10-07 15:53:06.826] [exthost] [error] undefined
[2020-10-07 15:56:20.342] [exthost] [error] [ms-vscode.cpptools] provider FAILED
[2020-10-07 15:56:20.342] [exthost] [error] undefined
[2020-10-07 16:01:29.610] [exthost] [error] [ms-vscode.cpptools] provider FAILED
[2020-10-07 16:01:29.610] [exthost] [error] undefined
[2020-10-07 16:01:37.338] [exthost] [error] [ms-vscode.cpptools] provider FAILED
[2020-10-07 16:01:37.338] [exthost] [error] undefined
[2020-10-07 16:01:48.324] [exthost] [error] [ms-vscode.cpptools] provider FAILED
[2020-10-07 16:01:48.324] [exthost] [error] undefined
[2020-10-07 16:01:54.327] [exthost] [error] [ms-vscode.cpptools] provider FAILED
[2020-10-07 16:01:54.327] [exthost] [error] undefined
[2020-10-07 16:01:55.688] [exthost] [warning] ms-vscode.cpptools - Code actions of kind 'quickfix 'requested but returned code action does not have a 'kind'. Code action will be dropped. Please set 'CodeAction.kind'.
[2020-10-07 16:01:55.688] [exthost] [warning] ms-vscode.cpptools - Code actions of kind 'quickfix 'requested but returned code action does not have a 'kind'. Code action will be dropped. Please set 'CodeAction.kind'.
[2020-10-07 16:02:03.165] [exthost] [error] [ms-vscode.cpptools] provider FAILED
[2020-10-07 16:02:03.165] [exthost] [error] undefined
[2020-10-07 16:02:04.377] [exthost] [warning] ms-vscode.cpptools - Code actions of kind 'quickfix 'requested but returned code action does not have a 'kind'. Code action will be dropped. Please set 'CodeAction.kind'.
[2020-10-07 16:02:29.785] [exthost] [error] [ms-vscode.cpptools] provider FAILED
[2020-10-07 16:02:29.785] [exthost] [error] undefined
[2020-10-07 16:02:31.517] [exthost] [error] [ms-vscode.cpptools] provider FAILED
[2020-10-07 16:02:31.517] [exthost] [error] undefined
[2020-10-07 16:02:35.112] [exthost] [error] [ms-vscode.cpptools] provider FAILED
[2020-10-07 16:02:35.112] [exthost] [error] undefined
[2020-10-07 16:02:52.028] [exthost] [error] [ms-vscode.cpptools] provider FAILED
[2020-10-07 16:02:52.028] [exthost] [error] undefined
[2020-10-07 16:02:53.410] [exthost] [error] [ms-vscode.cpptools] provider FAILED
[2020-10-07 16:02:53.410] [exthost] [error] undefined
[2020-10-07 16:03:35.307] [exthost] [error] [ms-vscode.cpptools] provider FAILED
[2020-10-07 16:03:35.307] [exthost] [error] undefined
[2020-10-07 16:03:37.928] [exthost] [error] [ms-vscode.cpptools] provider FAILED
[2020-10-07 16:03:37.928] [exthost] [error] undefined
[2020-10-07 16:05:14.717] [exthost] [error] [ms-vscode.cpptools] provider FAILED
[2020-10-07 16:05:14.717] [exthost] [error] undefined
[2020-10-07 16:05:25.678] [exthost] [error] [ms-vscode.cpptools] provider FAILED
[2020-10-07 16:05:25.678] [exthost] [error] undefined
[2020-10-07 16:09:27.280] [exthost] [error] [ms-vscode.cpptools] provider FAILED
[2020-10-07 16:09:27.280] [exthost] [error] undefined
[2020-10-07 16:10:15.356] [exthost] [error] [ms-vscode.cpptools] provider FAILED
[2020-10-07 16:10:15.356] [exthost] [error] undefined
[2020-10-07 16:10:18.668] [exthost] [warning] ms-vscode.cpptools - Code actions of kind 'quickfix 'requested but returned code action does not have a 'kind'. Code action will be dropped. Please set 'CodeAction.kind'.
[2020-10-07 16:10:18.895] [exthost] [warning] ms-vscode.cpptools - Code actions of kind 'quickfix 'requested but returned code action does not have a 'kind'. Code action will be dropped. Please set 'CodeAction.kind'.
[2020-10-07 16:10:19.198] [exthost] [warning] ms-vscode.cpptools - Code actions of kind 'quickfix 'requested but returned code action does not have a 'kind'. Code action will be dropped. Please set 'CodeAction.kind'.
[2020-10-07 16:16:56.518] [exthost] [error] [ms-vscode.cpptools] provider FAILED
[2020-10-07 16:16:56.518] [exthost] [error] undefined
[2020-10-07 16:16:58.775] [exthost] [warning] ms-vscode.cpptools - Code actions of kind 'quickfix 'requested but returned code action does not have a 'kind'. Code action will be dropped. Please set 'CodeAction.kind'.
[2020-10-07 16:17:11.724] [exthost] [error] [ms-vscode.cpptools] provider FAILED
[2020-10-07 16:17:11.724] [exthost] [error] undefined
[2020-10-07 16:18:06.416] [exthost] [error] [ms-vscode.cpptools] provider FAILED
[2020-10-07 16:18:06.416] [exthost] [error] undefined
[2020-10-07 16:18:10.784] [exthost] [error] [ms-vscode.cpptools] provider FAILED
[2020-10-07 16:18:10.784] [exthost] [error] undefined
[2020-10-07 16:18:12.953] [exthost] [error] [ms-vscode.cpptools] provider FAILED
[2020-10-07 16:18:12.953] [exthost] [error] undefined
[2020-10-07 16:19:13.321] [exthost] [error] [ms-vscode.cpptools] provider FAILED
[2020-10-07 16:19:13.321] [exthost] [error] undefined
[2020-10-07 16:20:38.526] [exthost] [error] [ms-vscode.cpptools] provider FAILED
[2020-10-07 16:20:38.526] [exthost] [error] undefined
[2020-10-07 16:21:33.399] [exthost] [error] [ms-vscode.cpptools] provider FAILED
[2020-10-07 16:21:33.399] [exthost] [error] undefined
[2020-10-07 16:22:17.635] [exthost] [error] [ms-vscode.cpptools] provider FAILED
[2020-10-07 16:22:17.635] [exthost] [error] undefined
[2020-10-07 16:22:44.260] [exthost] [error] [ms-vscode.cpptools] provider FAILED
[2020-10-07 16:22:44.260] [exthost] [error] undefined
[2020-10-07 16:22:53.172] [exthost] [error] [ms-vscode.cpptools] provider FAILED
[2020-10-07 16:22:53.172] [exthost] [error] undefined
[2020-10-07 16:23:50.160] [exthost] [error] [ms-vscode.cpptools] provider FAILED
[2020-10-07 16:23:50.160] [exthost] [error] undefined
[2020-10-07 16:23:55.812] [exthost] [error] [ms-vscode.cpptools] provider FAILED
[2020-10-07 16:23:55.812] [exthost] [error] undefined
[2020-10-07 16:24:04.007] [exthost] [error] [ms-vscode.cpptools] provider FAILED
[2020-10-07 16:24:04.007] [exthost] [error] undefined
[2020-10-07 16:24:06.559] [exthost] [error] [ms-vscode.cpptools] provider FAILED
[2020-10-07 16:24:06.559] [exthost] [error] undefined
[2020-10-07 16:24:25.437] [exthost] [error] [ms-vscode.cpptools] provider FAILED
[2020-10-07 16:24:25.437] [exthost] [error] undefined
[2020-10-07 16:24:33.809] [exthost] [error] [ms-vscode.cpptools] provider FAILED
[2020-10-07 16:24:33.809] [exthost] [error] undefined
[2020-10-07 16:25:08.994] [exthost] [error] [ms-vscode.cpptools] provider FAILED
[2020-10-07 16:25:08.994] [exthost] [error] undefined
[2020-10-07 16:25:20.150] [exthost] [error] [ms-vscode.cpptools] provider FAILED
[2020-10-07 16:25:20.150] [exthost] [error] undefined
[2020-10-07 16:25:22.016] [exthost] [warning] ms-vscode.cpptools - Code actions of kind 'quickfix 'requested but returned code action does not have a 'kind'. Code action will be dropped. Please set 'CodeAction.kind'.
[2020-10-07 16:25:22.016] [exthost] [warning] ms-vscode.cpptools - Code actions of kind 'quickfix 'requested but returned code action does not have a 'kind'. Code action will be dropped. Please set 'CodeAction.kind'.
[2020-10-07 16:25:24.358] [exthost] [error] [ms-vscode.cpptools] provider FAILED
[2020-10-07 16:25:24.358] [exthost] [error] undefined
[2020-10-07 16:27:08.595] [exthost] [error] [ms-vscode.cpptools] provider FAILED
[2020-10-07 16:27:08.595] [exthost] [error] undefined
[2020-10-07 16:27:38.086] [exthost] [error] [ms-vscode.cpptools] provider FAILED
[2020-10-07 16:27:38.086] [exthost] [error] undefined
[2020-10-07 16:34:43.164] [exthost] [error] [ms-vscode.cpptools] provider FAILED
[2020-10-07 16:34:43.164] [exthost] [error] undefined
[2020-10-07 16:34:56.609] [exthost] [error] [ms-vscode.cpptools] provider FAILED
[2020-10-07 16:34:56.609] [exthost] [error] undefined
[2020-10-07 16:34:58.744] [exthost] [error] [ms-vscode.cpptools] provider FAILED
[2020-10-07 16:34:58.744] [exthost] [error] undefined
[2020-10-07 16:35:09.826] [exthost] [error] [ms-vscode.cpptools] provider FAILED
[2020-10-07 16:35:09.826] [exthost] [error] undefined
[2020-10-07 16:35:14.098] [exthost] [error] [ms-vscode.cpptools] provider FAILED
[2020-10-07 16:35:14.098] [exthost] [error] undefined
[2020-10-07 16:48:37.237] [exthost] [error] [ms-vscode.cpptools] provider FAILED
[2020-10-07 16:48:37.237] [exthost] [error] undefined
[2020-10-07 16:48:45.363] [exthost] [error] [ms-vscode.cpptools] provider FAILED
[2020-10-07 16:48:45.363] [exthost] [error] undefined
[2020-10-07 16:49:17.266] [exthost] [error] [ms-vscode.cpptools] provider FAILED
[2020-10-07 16:49:17.266] [exthost] [error] undefined
[2020-10-07 16:49:40.934] [exthost] [error] [ms-vscode.cpptools] provider FAILED
[2020-10-07 16:49:40.934] [exthost] [error] undefined
[2020-10-07 16:49:49.106] [exthost] [error] [ms-vscode.cpptools] provider FAILED
[2020-10-07 16:49:49.106] [exthost] [error] undefined
[2020-10-07 16:49:50.846] [exthost] [warning] ms-vscode.cpptools - Code actions of kind 'quickfix 'requested but returned code action does not have a 'kind'. Code action will be dropped. Please set 'CodeAction.kind'.
[2020-10-07 16:49:51.580] [exthost] [warning] ms-vscode.cpptools - Code actions of kind 'quickfix 'requested but returned code action does not have a 'kind'. Code action will be dropped. Please set 'CodeAction.kind'.
[2020-10-07 16:49:52.030] [exthost] [warning] ms-vscode.cpptools - Code actions of kind 'quickfix 'requested but returned code action does not have a 'kind'. Code action will be dropped. Please set 'CodeAction.kind'.
[2020-10-07 16:50:22.759] [exthost] [error] [ms-vscode.cpptools] provider FAILED
[2020-10-07 16:50:22.759] [exthost] [error] undefined
[2020-10-07 16:50:29.561] [exthost] [error] [ms-vscode.cpptools] provider FAILED
[2020-10-07 16:50:29.561] [exthost] [error] undefined
[2020-10-07 16:50:36.151] [exthost] [error] [ms-vscode.cpptools] provider FAILED
[2020-10-07 16:50:36.151] [exthost] [error] undefined
[2020-10-07 16:50:49.902] [exthost] [warning] ms-vscode.cpptools - Code actions of kind 'quickfix 'requested but returned code action does not have a 'kind'. Code action will be dropped. Please set 'CodeAction.kind'.
[2020-10-07 16:52:41.828] [exthost] [error] [ms-vscode.cpptools] provider FAILED
[2020-10-07 16:52:41.828] [exthost] [error] undefined
[2020-10-07 16:53:53.293] [exthost] [error] [ms-vscode.cpptools] provider FAILED
[2020-10-07 16:53:53.293] [exthost] [error] undefined
[2020-10-07 16:54:15.706] [exthost] [error] [ms-vscode.cpptools] provider FAILED
[2020-10-07 16:54:15.706] [exthost] [error] undefined
[2020-10-07 16:54:17.927] [exthost] [error] [ms-vscode.cpptools] provider FAILED
[2020-10-07 16:54:17.927] [exthost] [error] undefined
[2020-10-07 16:54:24.284] [exthost] [error] [ms-vscode.cpptools] provider FAILED
[2020-10-07 16:54:24.284] [exthost] [error] undefined
[2020-10-07 16:54:30.597] [exthost] [error] [ms-vscode.cpptools] provider FAILED
[2020-10-07 16:54:30.597] [exthost] [error] undefined
[2020-10-07 16:54:34.919] [exthost] [error] [ms-vscode.cpptools] provider FAILED
[2020-10-07 16:54:34.919] [exthost] [error] undefined
[2020-10-07 16:54:45.289] [exthost] [error] [ms-vscode.cpptools] provider FAILED
[2020-10-07 16:54:45.289] [exthost] [error] undefined
[2020-10-07 16:54:55.638] [exthost] [error] [ms-vscode.cpptools] provider FAILED
[2020-10-07 16:54:55.638] [exthost] [error] undefined
[2020-10-07 16:54:59.794] [exthost] [error] [ms-vscode.cpptools] provider FAILED
[2020-10-07 16:54:59.794] [exthost] [error] undefined
[2020-10-07 16:55:12.307] [exthost] [error] [ms-vscode.cpptools] provider FAILED
[2020-10-07 16:55:12.307] [exthost] [error] undefined
[2020-10-07 16:55:23.313] [exthost] [error] [ms-vscode.cpptools] provider FAILED
[2020-10-07 16:55:23.313] [exthost] [error] undefined
[2020-10-07 16:55:33.657] [exthost] [error] [ms-vscode.cpptools] provider FAILED
[2020-10-07 16:55:33.657] [exthost] [error] undefined
[2020-10-07 16:55:39.870] [exthost] [error] [ms-vscode.cpptools] provider FAILED
[2020-10-07 16:55:39.870] [exthost] [error] undefined
[2020-10-07 16:55:40.678] [exthost] [error] [ms-vscode.cpptools] provider FAILED
[2020-10-07 16:55:40.678] [exthost] [error] undefined
[2020-10-07 16:55:55.944] [exthost] [error] [ms-vscode.cpptools] provider FAILED
[2020-10-07 16:55:55.944] [exthost] [error] undefined
[2020-10-07 16:56:37.478] [exthost] [warning] ms-vscode.cpptools - Code actions of kind 'quickfix 'requested but returned code action does not have a 'kind'. Code action will be dropped. Please set 'CodeAction.kind'.
[2020-10-07 16:56:40.278] [exthost] [error] [ms-vscode.cpptools] provider FAILED
[2020-10-07 16:56:40.278] [exthost] [error] undefined
[2020-10-07 16:57:48.501] [exthost] [error] [ms-vscode.cpptools] provider FAILED
[2020-10-07 16:57:48.501] [exthost] [error] undefined
[2020-10-07 16:57:52.114] [exthost] [error] [ms-vscode.cpptools] provider FAILED
[2020-10-07 16:57:52.114] [exthost] [error] undefined
[2020-10-07 16:58:10.759] [exthost] [error] [ms-vscode.cpptools] provider FAILED
[2020-10-07 16:58:10.759] [exthost] [error] undefined
[2020-10-07 16:58:14.929] [exthost] [error] [ms-vscode.cpptools] provider FAILED
[2020-10-07 16:58:14.930] [exthost] [error] undefined
[2020-10-07 16:59:03.729] [exthost] [error] [ms-vscode.cpptools] provider FAILED
[2020-10-07 16:59:03.729] [exthost] [error] undefined
[2020-10-07 17:01:12.772] [exthost] [error] [ms-vscode.cpptools] provider FAILED
[2020-10-07 17:01:12.772] [exthost] [error] undefined
[2020-10-07 17:02:07.564] [exthost] [error] [ms-vscode.cpptools] provider FAILED
[2020-10-07 17:02:07.564] [exthost] [error] undefined
[2020-10-07 17:03:07.972] [exthost] [error] [ms-vscode.cpptools] provider FAILED
[2020-10-07 17:03:07.972] [exthost] [error] undefined
[2020-10-07 17:04:31.167] [exthost] [error] [ms-vscode.cpptools] provider FAILED
[2020-10-07 17:04:31.167] [exthost] [error] undefined
[2020-10-07 17:07:32.219] [exthost] [error] [ms-vscode.cpptools] provider FAILED
[2020-10-07 17:07:32.219] [exthost] [error] undefined
[2020-10-07 17:07:48.632] [exthost] [error] [ms-vscode.cpptools] provider FAILED
[2020-10-07 17:07:48.632] [exthost] [error] undefined
[2020-10-07 17:07:54.518] [exthost] [error] [ms-vscode.cpptools] provider FAILED
[2020-10-07 17:07:54.518] [exthost] [error] undefined
[2020-10-07 17:08:06.991] [exthost] [error] [ms-vscode.cpptools] provider FAILED
[2020-10-07 17:08:06.991] [exthost] [error] undefined
[2020-10-07 17:08:19.886] [exthost] [error] [ms-vscode.cpptools] provider FAILED
[2020-10-07 17:08:19.886] [exthost] [error] undefined
[2020-10-07 17:08:42.453] [exthost] [error] [ms-vscode.cpptools] provider FAILED
[2020-10-07 17:08:42.453] [exthost] [error] undefined
[2020-10-07 17:09:13.243] [exthost] [error] [ms-vscode.cpptools] provider FAILED
[2020-10-07 17:09:13.243] [exthost] [error] undefined
[2020-10-07 17:09:20.092] [exthost] [error] [ms-vscode.cpptools] provider FAILED
[2020-10-07 17:09:20.092] [exthost] [error] undefined
[2020-10-07 17:09:32.362] [exthost] [error] [ms-vscode.cpptools] provider FAILED
[2020-10-07 17:09:32.362] [exthost] [error] undefined
[2020-10-07 17:09:36.741] [exthost] [error] [ms-vscode.cpptools] provider FAILED
[2020-10-07 17:09:36.741] [exthost] [error] undefined
[2020-10-07 17:09:43.276] [exthost] [error] [ms-vscode.cpptools] provider FAILED
[2020-10-07 17:09:43.276] [exthost] [error] undefined
[2020-10-07 17:09:48.721] [exthost] [error] [ms-vscode.cpptools] provider FAILED
[2020-10-07 17:09:48.721] [exthost] [error] undefined
[2020-10-07 17:09:57.590] [exthost] [error] [ms-vscode.cpptools] provider FAILED
[2020-10-07 17:09:57.590] [exthost] [error] undefined
[2020-10-07 17:13:56.783] [exthost] [error] [ms-vscode.cpptools] provider FAILED
[2020-10-07 17:13:56.783] [exthost] [error] undefined
[2020-10-07 17:14:13.580] [exthost] [error] [ms-vscode.cpptools] provider FAILED
[2020-10-07 17:14:13.580] [exthost] [error] undefined
[2020-10-07 17:15:06.112] [exthost] [error] [ms-vscode.cpptools] provider FAILED
[2020-10-07 17:15:06.112] [exthost] [error] undefined
[2020-10-07 17:15:10.670] [exthost] [error] [ms-vscode.cpptools] provider FAILED
[2020-10-07 17:15:10.670] [exthost] [error] undefined
[2020-10-07 17:16:08.561] [exthost] [error] [ms-vscode.cpptools] provider FAILED
[2020-10-07 17:16:08.561] [exthost] [error] undefined
[2020-10-07 17:16:28.217] [exthost] [error] [ms-vscode.cpptools] provider FAILED
[2020-10-07 17:16:28.217] [exthost] [error] undefined
[2020-10-07 17:16:57.090] [exthost] [error] [ms-vscode.cpptools] provider FAILED
[2020-10-07 17:16:57.090] [exthost] [error] undefined
